2024-09-25 00:14:44.405  INFO 6219 --- [restartedMain] com.infy.rewards.RewardsApplication      : Starting RewardsApplication using Java 1.8.0_292 on Jaypals-Laptop.local with PID 6219 (/Applications/rewards/target/classes started by jaypalsingh in /Applications/rewards)
2024-09-25 00:14:44.408 DEBUG 6219 --- [restartedMain] com.infy.rewards.RewardsApplication      : Running with Spring Boot v2.7.13, Spring v5.3.28
2024-09-25 00:14:44.409  INFO 6219 --- [restartedMain] com.infy.rewards.RewardsApplication      : No active profile set, falling back to 1 default profile: "default"
2024-09-25 00:14:44.482  INFO 6219 --- [restartedMain] .e.DevToolsPropertyDefaultsPostProcessor : Devtools property defaults active! Set 'spring.devtools.add-properties' to 'false' to disable
2024-09-25 00:14:44.482  INFO 6219 --- [restartedMain] .e.DevToolsPropertyDefaultsPostProcessor : For additional web related logging consider setting the 'logging.level.web' property to 'DEBUG'
2024-09-25 00:14:45.095  INFO 6219 --- [restartedMain] .s.d.r.c.RepositoryConfigurationDelegate : Bootstrapping Spring Data JPA repositories in DEFAULT mode.
2024-09-25 00:14:45.139  INFO 6219 --- [restartedMain] .s.d.r.c.RepositoryConfigurationDelegate : Finished Spring Data repository scanning in 38 ms. Found 2 JPA repository interfaces.
2024-09-25 00:14:45.653  INFO 6219 --- [restartedMain] o.s.b.w.embedded.tomcat.TomcatWebServer  : Tomcat initialized with port(s): 8082 (http)
2024-09-25 00:14:45.661  INFO 6219 --- [restartedMain] o.apache.catalina.core.StandardService   : Starting service [Tomcat]
2024-09-25 00:14:45.662  INFO 6219 --- [restartedMain] org.apache.catalina.core.StandardEngine  : Starting Servlet engine: [Apache Tomcat/9.0.76]
2024-09-25 00:14:45.708  INFO 6219 --- [restartedMain] o.a.c.c.C.[Tomcat].[localhost].[/]       : Initializing Spring embedded WebApplicationContext
2024-09-25 00:14:45.709  INFO 6219 --- [restartedMain] w.s.c.ServletWebServerApplicationContext : Root WebApplicationContext: initialization completed in 1226 ms
2024-09-25 00:14:45.809  INFO 6219 --- [restartedMain] o.hibernate.jpa.internal.util.LogHelper  : HHH000204: Processing PersistenceUnitInfo [name: default]
2024-09-25 00:14:45.828  INFO 6219 --- [restartedMain] org.hibernate.Version                    : HHH000412: Hibernate ORM core version 5.6.15.Final
2024-09-25 00:14:45.900  INFO 6219 --- [restartedMain] o.hibernate.annotations.common.Version   : HCANN000001: Hibernate Commons Annotations {5.1.2.Final}
2024-09-25 00:14:45.955  INFO 6219 --- [restartedMain] com.zaxxer.hikari.HikariDataSource       : HikariPool-1 - Starting...
2024-09-25 00:14:46.049  INFO 6219 --- [restartedMain] com.zaxxer.hikari.HikariDataSource       : HikariPool-1 - Start completed.
2024-09-25 00:14:46.059  INFO 6219 --- [restartedMain] org.hibernate.dialect.Dialect            : HHH000400: Using dialect: org.hibernate.dialect.PostgreSQLDialect
2024-09-25 00:14:46.449  INFO 6219 --- [restartedMain] o.h.e.t.j.p.i.JtaPlatformInitiator       : HHH000490: Using JtaPlatform implementation: [org.hibernate.engine.transaction.jta.platform.internal.NoJtaPlatform]
2024-09-25 00:14:46.454  INFO 6219 --- [restartedMain] j.LocalContainerEntityManagerFactoryBean : Initialized JPA EntityManagerFactory for persistence unit 'default'
2024-09-25 00:14:46.731  WARN 6219 --- [restartedMain] JpaBaseConfiguration$JpaWebConfiguration : spring.jpa.open-in-view is enabled by default. Therefore, database queries may be performed during view rendering. Explicitly configure spring.jpa.open-in-view to disable this warning
2024-09-25 00:14:47.170  INFO 6219 --- [restartedMain] o.s.b.d.a.OptionalLiveReloadServer       : LiveReload server is running on port 35729
2024-09-25 00:14:47.200  INFO 6219 --- [restartedMain] o.s.b.w.embedded.tomcat.TomcatWebServer  : Tomcat started on port(s): 8082 (http) with context path ''
2024-09-25 00:14:47.209  INFO 6219 --- [restartedMain] com.infy.rewards.RewardsApplication      : Started RewardsApplication in 3.058 seconds (JVM running for 3.766)
2024-09-25 00:14:50.184  INFO 6219 --- [RMI TCP Connection(2)-127.0.0.1] inMXBeanRegistrar$SpringApplicationAdmin : Application shutdown requested.
2024-09-25 00:14:50.198  INFO 6219 --- [RMI TCP Connection(2)-127.0.0.1] o.apache.catalina.core.StandardService   : Stopping service [Tomcat]
2024-09-25 00:14:50.208  INFO 6219 --- [RMI TCP Connection(2)-127.0.0.1] j.LocalContainerEntityManagerFactoryBean : Closing JPA EntityManagerFactory for persistence unit 'default'
2024-09-25 00:14:50.210  INFO 6219 --- [RMI TCP Connection(2)-127.0.0.1] com.zaxxer.hikari.HikariDataSource       : HikariPool-1 - Shutdown initiated...
2024-09-25 00:14:50.212  INFO 6219 --- [RMI TCP Connection(2)-127.0.0.1] com.zaxxer.hikari.HikariDataSource       : HikariPool-1 - Shutdown completed.
2024-09-25 00:52:10.846  INFO 6995 --- [main] c.infy.rewards.RewardsApplicationTests   : Starting RewardsApplicationTests using Java 1.8.0_421 on Jaypals-Laptop.local with PID 6995 (started by jaypalsingh in /Applications/rewards)
2024-09-25 00:52:10.847 DEBUG 6995 --- [main] c.infy.rewards.RewardsApplicationTests   : Running with Spring Boot v2.7.13, Spring v5.3.28
2024-09-25 00:52:10.847  INFO 6995 --- [main] c.infy.rewards.RewardsApplicationTests   : No active profile set, falling back to 1 default profile: "default"
2024-09-25 00:52:11.154  INFO 6995 --- [main] .s.d.r.c.RepositoryConfigurationDelegate : Bootstrapping Spring Data JPA repositories in DEFAULT mode.
2024-09-25 00:52:11.172  INFO 6995 --- [main] .s.d.r.c.RepositoryConfigurationDelegate : Finished Spring Data repository scanning in 14 ms. Found 2 JPA repository interfaces.
2024-09-25 00:52:11.386  INFO 6995 --- [main] o.hibernate.jpa.internal.util.LogHelper  : HHH000204: Processing PersistenceUnitInfo [name: default]
2024-09-25 00:52:11.403  INFO 6995 --- [main] org.hibernate.Version                    : HHH000412: Hibernate ORM core version 5.6.15.Final
2024-09-25 00:52:11.457  INFO 6995 --- [main] o.hibernate.annotations.common.Version   : HCANN000001: Hibernate Commons Annotations {5.1.2.Final}
2024-09-25 00:52:11.497  INFO 6995 --- [main] com.zaxxer.hikari.HikariDataSource       : HikariPool-1 - Starting...
2024-09-25 00:52:11.608  INFO 6995 --- [main] com.zaxxer.hikari.HikariDataSource       : HikariPool-1 - Start completed.
2024-09-25 00:52:11.615  INFO 6995 --- [main] org.hibernate.dialect.Dialect            : HHH000400: Using dialect: org.hibernate.dialect.PostgreSQLDialect
2024-09-25 00:52:11.911  INFO 6995 --- [main] o.h.e.t.j.p.i.JtaPlatformInitiator       : HHH000490: Using JtaPlatform implementation: [org.hibernate.engine.transaction.jta.platform.internal.NoJtaPlatform]
2024-09-25 00:52:11.915  INFO 6995 --- [main] j.LocalContainerEntityManagerFactoryBean : Initialized JPA EntityManagerFactory for persistence unit 'default'
2024-09-25 00:52:12.250  WARN 6995 --- [main] JpaBaseConfiguration$JpaWebConfiguration : spring.jpa.open-in-view is enabled by default. Therefore, database queries may be performed during view rendering. Explicitly configure spring.jpa.open-in-view to disable this warning
2024-09-25 00:52:12.514  INFO 6995 --- [main] c.infy.rewards.RewardsApplicationTests   : Started RewardsApplicationTests in 1.763 seconds (JVM running for 2.073)
2024-09-25 00:52:12.549  INFO 6995 --- [main] .b.t.c.SpringBootTestContextBootstrapper : Neither @ContextConfiguration nor @ContextHierarchy found for test class [com.infy.rewards.controller.test.RewardControllerTest], using SpringBootContextLoader
2024-09-25 00:52:12.550  INFO 6995 --- [main] o.s.t.c.support.AbstractContextLoader    : Could not detect default resource locations for test class [com.infy.rewards.controller.test.RewardControllerTest]: no resource found for suffixes {-context.xml, Context.groovy}.
2024-09-25 00:52:12.550  INFO 6995 --- [main] t.c.s.AnnotationConfigContextLoaderUtils : Could not detect default configuration classes for test class [com.infy.rewards.controller.test.RewardControllerTest]: RewardControllerTest does not declare any static, non-private, non-final, nested classes annotated with @Configuration.
2024-09-25 00:52:12.555  INFO 6995 --- [main] .b.t.c.SpringBootTestContextBootstrapper : Found @SpringBootConfiguration com.infy.rewards.RewardsApplication for test class com.infy.rewards.controller.test.RewardControllerTest
2024-09-25 00:52:12.555  INFO 6995 --- [main] .b.t.c.SpringBootTestContextBootstrapper : Loaded default TestExecutionListener class names from location [META-INF/spring.factories]: [org.springframework.boot.test.mock.mockito.MockitoTestExecutionListener, org.springframework.boot.test.mock.mockito.ResetMocksTestExecutionListener, org.springframework.boot.test.autoconfigure.restdocs.RestDocsTestExecutionListener, org.springframework.boot.test.autoconfigure.web.client.MockRestServiceServerResetTestExecutionListener, org.springframework.boot.test.autoconfigure.web.servlet.MockMvcPrintOnlyOnFailureTestExecutionListener, org.springframework.boot.test.autoconfigure.web.servlet.WebDriverTestExecutionListener, org.springframework.boot.test.autoconfigure.webservices.client.MockWebServiceServerTestExecutionListener, org.springframework.test.context.web.ServletTestExecutionListener, org.springframework.test.context.support.DirtiesContextBeforeModesTestExecutionListener, org.springframework.test.context.event.ApplicationEventsTestExecutionListener, org.springframework.test.context.support.DependencyInjectionTestExecutionListener, org.springframework.test.context.support.DirtiesContextTestExecutionListener, org.springframework.test.context.transaction.TransactionalTestExecutionListener, org.springframework.test.context.jdbc.SqlScriptsTestExecutionListener, org.springframework.test.context.event.EventPublishingTestExecutionListener]
2024-09-25 00:52:12.556  INFO 6995 --- [main] .b.t.c.SpringBootTestContextBootstrapper : Using TestExecutionListeners: [org.springframework.test.context.web.ServletTestExecutionListener@7b6b466a, org.springframework.test.context.support.DirtiesContextBeforeModesTestExecutionListener@6686507b, org.springframework.test.context.event.ApplicationEventsTestExecutionListener@2123a61c, org.springframework.boot.test.mock.mockito.MockitoTestExecutionListener@2e5c7cd5, org.springframework.boot.test.autoconfigure.SpringBootDependencyInjectionTestExecutionListener@f252762, org.springframework.test.context.support.DirtiesContextTestExecutionListener@5b74bb75, org.springframework.test.context.transaction.TransactionalTestExecutionListener@675bf541, org.springframework.test.context.jdbc.SqlScriptsTestExecutionListener@2aac87ab, org.springframework.test.context.event.EventPublishingTestExecutionListener@c14bbab, org.springframework.boot.test.mock.mockito.ResetMocksTestExecutionListener@72c5064f, org.springframework.boot.test.autoconfigure.restdocs.RestDocsTestExecutionListener@4a0c04ab, org.springframework.boot.test.autoconfigure.web.client.MockRestServiceServerResetTestExecutionListener@453439e, org.springframework.boot.test.autoconfigure.web.servlet.MockMvcPrintOnlyOnFailureTestExecutionListener@2d33795c, org.springframework.boot.test.autoconfigure.web.servlet.WebDriverTestExecutionListener@779ef5cb, org.springframework.boot.test.autoconfigure.webservices.client.MockWebServiceServerTestExecutionListener@5d9d8ecf]
2024-09-25 00:52:12.576  INFO 6995 --- [main] c.i.r.c.test.RewardControllerTest        : Starting RewardControllerTest using Java 1.8.0_421 on Jaypals-Laptop.local with PID 6995 (started by jaypalsingh in /Applications/rewards)
2024-09-25 00:52:12.576 DEBUG 6995 --- [main] c.i.r.c.test.RewardControllerTest        : Running with Spring Boot v2.7.13, Spring v5.3.28
2024-09-25 00:52:12.577  INFO 6995 --- [main] c.i.r.c.test.RewardControllerTest        : No active profile set, falling back to 1 default profile: "default"
2024-09-25 00:52:12.662  INFO 6995 --- [main] .s.d.r.c.RepositoryConfigurationDelegate : Bootstrapping Spring Data JPA repositories in DEFAULT mode.
2024-09-25 00:52:12.668  INFO 6995 --- [main] .s.d.r.c.RepositoryConfigurationDelegate : Finished Spring Data repository scanning in 4 ms. Found 2 JPA repository interfaces.
2024-09-25 00:52:12.748  INFO 6995 --- [main] o.hibernate.jpa.internal.util.LogHelper  : HHH000204: Processing PersistenceUnitInfo [name: default]
2024-09-25 00:52:12.750  INFO 6995 --- [main] com.zaxxer.hikari.HikariDataSource       : HikariPool-2 - Starting...
2024-09-25 00:52:12.771  INFO 6995 --- [main] com.zaxxer.hikari.HikariDataSource       : HikariPool-2 - Start completed.
2024-09-25 00:52:12.771  INFO 6995 --- [main] org.hibernate.dialect.Dialect            : HHH000400: Using dialect: org.hibernate.dialect.PostgreSQLDialect
2024-09-25 00:52:12.811  INFO 6995 --- [main] o.h.e.t.j.p.i.JtaPlatformInitiator       : HHH000490: Using JtaPlatform implementation: [org.hibernate.engine.transaction.jta.platform.internal.NoJtaPlatform]
2024-09-25 00:52:12.811  INFO 6995 --- [main] j.LocalContainerEntityManagerFactoryBean : Initialized JPA EntityManagerFactory for persistence unit 'default'
2024-09-25 00:52:12.862  WARN 6995 --- [main] JpaBaseConfiguration$JpaWebConfiguration : spring.jpa.open-in-view is enabled by default. Therefore, database queries may be performed during view rendering. Explicitly configure spring.jpa.open-in-view to disable this warning
2024-09-25 00:52:13.026  INFO 6995 --- [main] o.s.b.t.m.w.SpringBootMockServletContext : Initializing Spring TestDispatcherServlet ''
2024-09-25 00:52:13.026  INFO 6995 --- [main] o.s.t.web.servlet.TestDispatcherServlet  : Initializing Servlet ''
2024-09-25 00:52:13.026  INFO 6995 --- [main] o.s.t.web.servlet.TestDispatcherServlet  : Completed initialization in 0 ms
2024-09-25 00:52:13.032  INFO 6995 --- [main] c.i.r.c.test.RewardControllerTest        : Started RewardControllerTest in 0.475 seconds (JVM running for 2.591)
2024-09-25 00:52:13.062  INFO 6995 --- [main] c.i.rewards.controller.RewardController  : Received request to calculate rewards.
2024-09-25 00:52:13.078  INFO 6995 --- [main] c.i.rewards.controller.RewardController  : Received request to calculate rewards.
2024-09-25 00:52:13.078  WARN 6995 --- [main] c.i.r.a.GlobalRewardsExceptionHandler    : Reward not found: No rewards found
2024-09-25 00:52:13.145  INFO 6995 --- [main] c.i.rewards.service.RewardServiceImpl    : Calculating rewards for all customers.
2024-09-25 00:52:13.145 ERROR 6995 --- [main] c.i.rewards.service.RewardServiceImpl    : Error occurred while fetching transactions: Database error
2024-09-25 00:52:13.148  INFO 6995 --- [main] c.i.rewards.service.RewardServiceImpl    : Calculating rewards for all customers.
2024-09-25 00:52:13.148  WARN 6995 --- [main] c.i.rewards.service.RewardServiceImpl    : No transactions found.
2024-09-25 00:52:13.154  INFO 6995 --- [SpringApplicationShutdownHook] j.LocalContainerEntityManagerFactoryBean : Closing JPA EntityManagerFactory for persistence unit 'default'
2024-09-25 00:52:13.156  INFO 6995 --- [SpringApplicationShutdownHook] com.zaxxer.hikari.HikariDataSource       : HikariPool-1 - Shutdown initiated...
2024-09-25 00:52:13.157  INFO 6995 --- [SpringApplicationShutdownHook] com.zaxxer.hikari.HikariDataSource       : HikariPool-1 - Shutdown completed.
2024-09-25 00:52:13.158  INFO 6995 --- [SpringApplicationShutdownHook] j.LocalContainerEntityManagerFactoryBean : Closing JPA EntityManagerFactory for persistence unit 'default'
2024-09-25 00:52:13.158  INFO 6995 --- [SpringApplicationShutdownHook] com.zaxxer.hikari.HikariDataSource       : HikariPool-2 - Shutdown initiated...
2024-09-25 00:52:13.159  INFO 6995 --- [SpringApplicationShutdownHook] com.zaxxer.hikari.HikariDataSource       : HikariPool-2 - Shutdown completed.
